2025-04-04 08:26:18.462177 - Received CBT.V508.FILE358.PDS from FILE358.XMI 
2025-04-04 08:26:18.463442 - Found $$$#DATE.txt (text/plain) in CBT.V508.FILE358.PDS, moved to PDS/$$$#DATE
2025-04-04 08:26:18.463593 - Found $$$NOTE1.txt (text/plain) in CBT.V508.FILE358.PDS, moved to PDS/$$$NOTE1
2025-04-04 08:26:18.463740 - Found $$CHANGE.txt (text/plain) in CBT.V508.FILE358.PDS, moved to PDS/$$CHANGE
2025-04-04 08:26:18.463872 - Found $$DESCR.txt (text/plain) in CBT.V508.FILE358.PDS, moved to PDS/$$DESCR
2025-04-04 08:26:18.464341 - Found $$INFO.txt (text/plain) in CBT.V508.FILE358.PDS, moved to PDS/$$INFO
2025-04-04 08:26:18.464742 - Found $$INSTAL.txt (text/plain) in CBT.V508.FILE358.PDS, moved to PDS/$$INSTAL
2025-04-04 08:26:18.464880 - Found $$NEWDOC.txt (text/plain) in CBT.V508.FILE358.PDS, moved to PDS/$$NEWDOC
2025-04-04 08:26:18.465014 - Found $ACTIVE.txt (text/plain) in CBT.V508.FILE358.PDS, moved to PDS/$ACTIVE
2025-04-04 08:26:18.465140 - Found $ASM.txt (text/plain) in CBT.V508.FILE358.PDS, moved to PDS/$ASM
2025-04-04 08:26:18.465259 - Found $JOURNAL.txt (text/plain) in CBT.V508.FILE358.PDS, moved to PDS/$JOURNAL
2025-04-04 08:26:18.465384 - Found $RECEIVE.rexx (text/plain) in CBT.V508.FILE358.PDS, moved to PDS/$RECEIVE
2025-04-04 08:26:18.465517 - Found @FILE358.txt (text/plain) in CBT.V508.FILE358.PDS, moved to PDS/@FILE358
2025-04-04 08:26:18.465958 - Found ASM.xmi (application/xmit) in CBT.V508.FILE358.PDS, moved to PDS/ASM.xmi
2025-04-04 08:26:18.711668 - Received SYS3.SOUTSYS.ASM from ASM.xmi 
2025-04-04 08:26:18.712580 - Found CMNFS00@.txt (text/plain) in SYS3.SOUTSYS.ASM, moved to ASM/CMNFS00@
2025-04-04 08:26:18.712771 - Found LOCINDEX.txt (text/plain) in SYS3.SOUTSYS.ASM, moved to ASM/LOCINDEX
2025-04-04 08:26:18.730503 - Found MVSGPSVC.txt (text/plain) in SYS3.SOUTSYS.ASM, moved to ASM/MVSGPSVC
2025-04-04 08:26:18.730792 - Found SOUTCALL.txt (text/plain) in SYS3.SOUTSYS.ASM, moved to ASM/SOUTCALL
2025-04-04 08:26:18.730969 - Found SOUTCLN.txt (text/plain) in SYS3.SOUTSYS.ASM, moved to ASM/SOUTCLN
2025-04-04 08:26:18.731144 - Found SOUTCPR.txt (text/plain) in SYS3.SOUTSYS.ASM, moved to ASM/SOUTCPR
2025-04-04 08:26:18.731300 - Found SOUTCVT.txt (text/plain) in SYS3.SOUTSYS.ASM, moved to ASM/SOUTCVT
2025-04-04 08:26:18.731441 - Found SOUTDATE.txt (text/plain) in SYS3.SOUTSYS.ASM, moved to ASM/SOUTDATE
2025-04-04 08:26:18.731563 - Found SOUTPRT.txt (text/plain) in SYS3.SOUTSYS.ASM, moved to ASM/SOUTPRT
2025-04-04 08:26:18.731688 - Found SOUTSEP.txt (text/plain) in SYS3.SOUTSYS.ASM, moved to ASM/SOUTSEP
2025-04-04 08:26:18.731810 - Found SOUTSUB.txt (text/plain) in SYS3.SOUTSYS.ASM, moved to ASM/SOUTSUB
2025-04-04 08:26:18.731956 - Found SOUTWTR.txt (text/plain) in SYS3.SOUTSYS.ASM, moved to ASM/SOUTWTR
2025-04-04 08:26:18.732095 - Found SOUTWTRX.txt (text/plain) in SYS3.SOUTSYS.ASM, moved to ASM/SOUTWTRX
2025-04-04 08:26:18.732224 - Found SOUTXIT.txt (text/plain) in SYS3.SOUTSYS.ASM, moved to ASM/SOUTXIT
2025-04-04 08:26:18.733062 - Found IEALPA00.txt (text/plain) in CBT.V508.FILE358.PDS, moved to PDS/IEALPA00
2025-04-04 08:26:18.733206 - Found ISPFSOUT.txt (text/plain) in CBT.V508.FILE358.PDS, moved to PDS/ISPFSOUT
2025-04-04 08:26:18.733330 - Found ISPMLIB.xmi (application/xmit) in CBT.V508.FILE358.PDS, moved to PDS/ISPMLIB.xmi
2025-04-04 08:26:18.743091 - Received SYS3.SOUTSYS.ISPMLIB from ISPMLIB.xmi 
2025-04-04 08:26:18.743467 - Found CMN00.txt (text/plain) in SYS3.SOUTSYS.ISPMLIB, moved to ISPMLIB/CMN00
2025-04-04 08:26:18.743769 - Found ISPPLIB.xmi (application/xmit) in CBT.V508.FILE358.PDS, moved to PDS/ISPPLIB.xmi
2025-04-04 08:26:18.819888 - Received SYS3.SOUTSYS.ISPPLIB from ISPPLIB.xmi 
2025-04-04 08:26:18.820436 - Found CMNFS00.txt (text/plain) in SYS3.SOUTSYS.ISPPLIB, moved to ISPPLIB/CMNFS00
2025-04-04 08:26:18.820577 - Found CMNFS00A.txt (text/plain) in SYS3.SOUTSYS.ISPPLIB, moved to ISPPLIB/CMNFS00A
2025-04-04 08:26:18.820709 - Found CMNFS00B.txt (text/plain) in SYS3.SOUTSYS.ISPPLIB, moved to ISPPLIB/CMNFS00B
2025-04-04 08:26:18.820846 - Found CMNFS00C.txt (text/plain) in SYS3.SOUTSYS.ISPPLIB, moved to ISPPLIB/CMNFS00C
2025-04-04 08:26:18.820976 - Found CMNFS00D.txt (text/plain) in SYS3.SOUTSYS.ISPPLIB, moved to ISPPLIB/CMNFS00D
2025-04-04 08:26:18.821096 - Found CMNFS00E.txt (text/plain) in SYS3.SOUTSYS.ISPPLIB, moved to ISPPLIB/CMNFS00E
2025-04-04 08:26:18.821225 - Found CMNFS01.txt (text/plain) in SYS3.SOUTSYS.ISPPLIB, moved to ISPPLIB/CMNFS01
2025-04-04 08:26:18.821357 - Found CMNFS02.txt (text/plain) in SYS3.SOUTSYS.ISPPLIB, moved to ISPPLIB/CMNFS02
2025-04-04 08:26:18.821478 - Found CMNFS03.txt (text/plain) in SYS3.SOUTSYS.ISPPLIB, moved to ISPPLIB/CMNFS03
2025-04-04 08:26:18.822027 - Found ISPSLIB.xmi (application/xmit) in CBT.V508.FILE358.PDS, moved to PDS/ISPSLIB.xmi
2025-04-04 08:26:18.832469 - Received SYS3.SOUTSYS.ISPSLIB from ISPSLIB.xmi 
2025-04-04 08:26:18.832870 - Found CMNFS00.txt (text/plain) in SYS3.SOUTSYS.ISPSLIB, moved to ISPSLIB/CMNFS00
2025-04-04 08:26:18.833226 - Found MACLIB.xmi (application/xmit) in CBT.V508.FILE358.PDS, moved to PDS/MACLIB.xmi
2025-04-04 08:26:19.103644 - Received SYS3.SOUTSYS.MACLIB from MACLIB.xmi 
2025-04-04 08:26:19.104521 - Found $EPILOG.txt (text/plain) in SYS3.SOUTSYS.MACLIB, moved to MACLIB/$EPILOG
2025-04-04 08:26:19.104669 - Found $PROLOG.txt (text/plain) in SYS3.SOUTSYS.MACLIB, moved to MACLIB/$PROLOG
2025-04-04 08:26:19.104802 - Found $REGS.txt (text/plain) in SYS3.SOUTSYS.MACLIB, moved to MACLIB/$REGS
2025-04-04 08:26:19.104939 - Found $STCK.txt (text/plain) in SYS3.SOUTSYS.MACLIB, moved to MACLIB/$STCK
2025-04-04 08:26:19.105065 - Found ALCBLKSZ.txt (text/plain) in SYS3.SOUTSYS.MACLIB, moved to MACLIB/ALCBLKSZ
2025-04-04 08:26:19.105188 - Found ALCDD.txt (text/plain) in SYS3.SOUTSYS.MACLIB, moved to MACLIB/ALCDD
2025-04-04 08:26:19.105310 - Found ALCDEST.txt (text/plain) in SYS3.SOUTSYS.MACLIB, moved to MACLIB/ALCDEST
2025-04-04 08:26:19.105434 - Found ALCDISP.txt (text/plain) in SYS3.SOUTSYS.MACLIB, moved to MACLIB/ALCDISP
2025-04-04 08:26:19.105559 - Found ALCDSN.txt (text/plain) in SYS3.SOUTSYS.MACLIB, moved to MACLIB/ALCDSN
2025-04-04 08:26:19.105680 - Found ALCERR.txt (text/plain) in SYS3.SOUTSYS.MACLIB, moved to MACLIB/ALCERR
2025-04-04 08:26:19.105804 - Found ALCLRECL.txt (text/plain) in SYS3.SOUTSYS.MACLIB, moved to MACLIB/ALCLRECL
2025-04-04 08:26:19.105932 - Found ALCRECFM.txt (text/plain) in SYS3.SOUTSYS.MACLIB, moved to MACLIB/ALCRECFM
2025-04-04 08:26:19.106065 - Found ALCRETDD.txt (text/plain) in SYS3.SOUTSYS.MACLIB, moved to MACLIB/ALCRETDD
2025-04-04 08:26:19.106304 - Found ALCSPACE.txt (text/plain) in SYS3.SOUTSYS.MACLIB, moved to MACLIB/ALCSPACE
2025-04-04 08:26:19.106482 - Found ALCSSOUT.txt (text/plain) in SYS3.SOUTSYS.MACLIB, moved to MACLIB/ALCSSOUT
2025-04-04 08:26:19.106649 - Found ALCUNAL.txt (text/plain) in SYS3.SOUTSYS.MACLIB, moved to MACLIB/ALCUNAL
2025-04-04 08:26:19.106795 - Found SPFALLOC.txt (text/plain) in SYS3.SOUTSYS.MACLIB, moved to MACLIB/SPFALLOC
2025-04-04 08:26:19.106931 - Found SPFBRWSE.txt (text/plain) in SYS3.SOUTSYS.MACLIB, moved to MACLIB/SPFBRWSE
2025-04-04 08:26:19.107061 - Found SPFCMDS.txt (text/plain) in SYS3.SOUTSYS.MACLIB, moved to MACLIB/SPFCMDS
2025-04-04 08:26:19.107199 - Found SPFEXIT.txt (text/plain) in SYS3.SOUTSYS.MACLIB, moved to MACLIB/SPFEXIT
2025-04-04 08:26:19.107320 - Found SPFINIT.txt (text/plain) in SYS3.SOUTSYS.MACLIB, moved to MACLIB/SPFINIT
2025-04-04 08:26:19.107452 - Found SPFSPLAY.txt (text/plain) in SYS3.SOUTSYS.MACLIB, moved to MACLIB/SPFSPLAY
2025-04-04 08:26:19.107596 - Found SPFSUB.txt (text/plain) in SYS3.SOUTSYS.MACLIB, moved to MACLIB/SPFSUB
2025-04-04 08:26:19.107724 - Found SPFTAILR.txt (text/plain) in SYS3.SOUTSYS.MACLIB, moved to MACLIB/SPFTAILR
2025-04-04 08:26:19.107853 - Found SPFTEMP.txt (text/plain) in SYS3.SOUTSYS.MACLIB, moved to MACLIB/SPFTEMP
2025-04-04 08:26:19.107985 - Found SPFVDEF.txt (text/plain) in SYS3.SOUTSYS.MACLIB, moved to MACLIB/SPFVDEF
2025-04-04 08:26:19.108109 - Found SPFVGET.txt (text/plain) in SYS3.SOUTSYS.MACLIB, moved to MACLIB/SPFVGET
2025-04-04 08:26:19.108228 - Found SPFVPUT.txt (text/plain) in SYS3.SOUTSYS.MACLIB, moved to MACLIB/SPFVPUT
2025-04-04 08:26:19.108346 - Found SYSPRINT.txt (text/plain) in SYS3.SOUTSYS.MACLIB, moved to MACLIB/SYSPRINT
2025-04-04 08:26:19.109487 - Found PARMLIB.xmi (application/xmit) in CBT.V508.FILE358.PDS, moved to PDS/PARMLIB.xmi
2025-04-04 08:26:19.140981 - Received SYS3.SOUTSYS.PARMLIB from PARMLIB.xmi 
2025-04-04 08:26:19.141442 - Found EXPJRNL.txt (text/plain) in SYS3.SOUTSYS.PARMLIB, moved to PARMLIB/EXPJRNL
2025-04-04 08:26:19.141590 - Found FLUSHPRM.txt (text/plain) in SYS3.SOUTSYS.PARMLIB, moved to PARMLIB/FLUSHPRM
2025-04-04 08:26:19.141722 - Found IMPJRNL.txt (text/plain) in SYS3.SOUTSYS.PARMLIB, moved to PARMLIB/IMPJRNL
2025-04-04 08:26:19.141850 - Found LISTJRNL.txt (text/plain) in SYS3.SOUTSYS.PARMLIB, moved to PARMLIB/LISTJRNL
2025-04-04 08:26:19.142210 - Found PROCLIB.xmi (application/xmit) in CBT.V508.FILE358.PDS, moved to PDS/PROCLIB.xmi
2025-04-04 08:26:19.180151 - Received SYS3.SOUTSYS.PROCLIB from PROCLIB.xmi 
2025-04-04 08:26:19.180595 - Found CLEANWTR.txt (text/plain) in SYS3.SOUTSYS.PROCLIB, moved to PROCLIB/CLEANWTR
2025-04-04 08:26:19.180742 - Found DISKWTR.txt (text/plain) in SYS3.SOUTSYS.PROCLIB, moved to PROCLIB/DISKWTR
2025-04-04 08:26:19.180876 - Found FLUSH.txt (text/plain) in SYS3.SOUTSYS.PROCLIB, moved to PROCLIB/FLUSH
2025-04-04 08:26:19.181006 - Found SAVEWTR.txt (text/plain) in SYS3.SOUTSYS.PROCLIB, moved to PROCLIB/SAVEWTR
